22:51:33: Creating resource group General
22:51:33: Creating resource group Internal
22:51:33: Creating resource group Autodetect
22:51:33: SceneManagerFactory for type 'DefaultSceneManager' registered.
22:51:33: Registering ResourceManager for type Material
22:51:33: Registering ResourceManager for type Mesh
22:51:33: Registering ResourceManager for type Skeleton
22:51:33: MovableObjectFactory for type 'ParticleSystem' registered.
22:51:33: OverlayElementFactory for type Panel registered.
22:51:33: OverlayElementFactory for type BorderPanel registered.
22:51:33: OverlayElementFactory for type TextArea registered.
22:51:33: Registering ResourceManager for type Font
22:51:33: ArchiveFactory for archive type FileSystem registered.
22:51:33: ArchiveFactory for archive type Zip registered.
22:51:33: DDS codec registering
22:51:33: FreeImage version: 3.13.1
22:51:33: This program uses FreeImage, a free, open source image library supporting all common bitmap formats. See http://freeimage.sourceforge.net for details
22:51:33: Supported formats: bmp,ico,jpg,jif,jpeg,jpe,jng,koa,iff,lbm,mng,pbm,pbm,pcd,pcx,pgm,pgm,png,ppm,ppm,ras,tga,targa,tif,tiff,wap,wbmp,wbm,psd,cut,xbm,xpm,gif,hdr,g3,sgi,exr,j2k,j2c,jp2,pfm,pct,pict,pic,bay,bmq,cr2,crw,cs1,dc2,dcr,dng,erf,fff,hdr,k25,kdc,mdc,mos,mrw,nef,orf,pef,pxn,raf,raw,rdc,sr2,srf,arw,3fr,cine,ia,kc2,mef,nrw,qtk,rw2,sti,drf,dsc,ptx,cap,iiq,rwz
22:51:33: Registering ResourceManager for type HighLevelGpuProgram
22:51:33: Registering ResourceManager for type Compositor
22:51:33: MovableObjectFactory for type 'Entity' registered.
22:51:33: MovableObjectFactory for type 'Light' registered.
22:51:33: MovableObjectFactory for type 'BillboardSet' registered.
22:51:33: MovableObjectFactory for type 'ManualObject' registered.
22:51:33: MovableObjectFactory for type 'BillboardChain' registered.
22:51:33: MovableObjectFactory for type 'RibbonTrail' registered.
22:51:33: Loading library .\RenderSystem_Direct3D9
22:51:33: Installing plugin: D3D9 RenderSystem
22:51:33: D3D9 : Direct3D9 Rendering Subsystem created.
22:51:33: D3D9: Driver Detection Starts
22:51:33: D3D9: Driver Detection Ends
22:51:33: Plugin successfully installed
22:51:33: Loading library .\RenderSystem_GL
22:51:33: Installing plugin: GL RenderSystem
22:51:33: OpenGL Rendering Subsystem created.
22:51:33: Plugin successfully installed
22:51:33: Loading library .\Plugin_ParticleFX
22:51:33: Installing plugin: ParticleFX
22:51:33: Particle Emitter Type 'Point' registered
22:51:33: Particle Emitter Type 'Box' registered
22:51:33: Particle Emitter Type 'Ellipsoid' registered
22:51:33: Particle Emitter Type 'Cylinder' registered
22:51:33: Particle Emitter Type 'Ring' registered
22:51:33: Particle Emitter Type 'HollowEllipsoid' registered
22:51:33: Particle Affector Type 'LinearForce' registered
22:51:33: Particle Affector Type 'ColourFader' registered
22:51:33: Particle Affector Type 'ColourFader2' registered
22:51:33: Particle Affector Type 'ColourImage' registered
22:51:33: Particle Affector Type 'ColourInterpolator' registered
22:51:33: Particle Affector Type 'Scaler' registered
22:51:33: Particle Affector Type 'Rotator' registered
22:51:33: Particle Affector Type 'DirectionRandomiser' registered
22:51:33: Particle Affector Type 'DeflectorPlane' registered
22:51:33: Plugin successfully installed
22:51:33: Loading library .\Plugin_BSPSceneManager
22:51:33: Installing plugin: BSP Scene Manager
22:51:33: Plugin successfully installed
22:51:33: Loading library .\Plugin_CgProgramManager
22:51:33: Installing plugin: Cg Program Manager
22:51:33: Plugin successfully installed
22:51:33: Loading library .\Plugin_PCZSceneManager
22:51:33: Installing plugin: Portal Connected Zone Scene Manager
22:51:33: PCZone Factory Type 'ZoneType_Default' registered
22:51:33: Plugin successfully installed
22:51:33: Loading library .\Plugin_OctreeZone
22:51:33: Installing plugin: Octree Zone Factory
22:51:33: Plugin successfully installed
22:51:33: Loading library .\Plugin_OctreeSceneManager
22:51:33: Installing plugin: Octree & Terrain Scene Manager
22:51:33: Plugin successfully installed
22:51:33: *-*-* OGRE Initialising
22:51:33: *-*-* Version 1.7.1 (Cthugha)
22:51:33: Creating resource group Essential
22:51:33: Added resource location 'C:/OgreSDK_vc9_v1-7-1/media/thumbnails' of type 'FileSystem' to resource group 'Essential'
22:51:33: Added resource location 'C:/OgreSDK_vc9_v1-7-1/media/packs/SdkTrays.zip' of type 'Zip' to resource group 'Essential'
22:51:33: Added resource location 'C:/OgreSDK_vc9_v1-7-1/media' of type 'FileSystem' to resource group 'General'
22:51:33: Creating resource group Popular
22:51:33: Added resource location 'C:/OgreSDK_vc9_v1-7-1/media/fonts' of type 'FileSystem' to resource group 'Popular'
22:51:33: Added resource location 'C:/OgreSDK_vc9_v1-7-1/media/materials/programs' of type 'FileSystem' to resource group 'Popular'
22:51:33: Added resource location 'C:/OgreSDK_vc9_v1-7-1/media/materials/scripts' of type 'FileSystem' to resource group 'Popular'
22:51:33: Added resource location 'C:/OgreSDK_vc9_v1-7-1/media/materials/textures' of type 'FileSystem' to resource group 'Popular'
22:51:33: Added resource location 'C:/OgreSDK_vc9_v1-7-1/media/materials/textures/nvidia' of type 'FileSystem' to resource group 'Popular'
22:51:33: Added resource location 'C:/OgreSDK_vc9_v1-7-1/media/models' of type 'FileSystem' to resource group 'Popular'
22:51:33: Added resource location 'C:/OgreSDK_vc9_v1-7-1/media/particle' of type 'FileSystem' to resource group 'Popular'
22:51:33: Added resource location 'C:/OgreSDK_vc9_v1-7-1/media/DeferredShadingMedia' of type 'FileSystem' to resource group 'Popular'
22:51:33: Added resource location 'C:/OgreSDK_vc9_v1-7-1/media/PCZAppMedia' of type 'FileSystem' to resource group 'Popular'
22:51:33: Added resource location 'C:/OgreSDK_vc9_v1-7-1/media/RTShaderLib' of type 'FileSystem' to resource group 'Popular'
22:51:33: Added resource location 'C:/OgreSDK_vc9_v1-7-1/media/RTShaderLib/materials' of type 'FileSystem' to resource group 'Popular'
22:51:33: Added resource location 'C:/OgreSDK_vc9_v1-7-1/media/packs/cubemap.zip' of type 'Zip' to resource group 'Popular'
22:51:33: Added resource location 'C:/OgreSDK_vc9_v1-7-1/media/packs/cubemapsJS.zip' of type 'Zip' to resource group 'Popular'
22:51:33: Added resource location 'C:/OgreSDK_vc9_v1-7-1/media/packs/dragon.zip' of type 'Zip' to resource group 'Popular'
22:51:33: Added resource location 'C:/OgreSDK_vc9_v1-7-1/media/packs/fresneldemo.zip' of type 'Zip' to resource group 'Popular'
22:51:33: Added resource location 'C:/OgreSDK_vc9_v1-7-1/media/packs/ogretestmap.zip' of type 'Zip' to resource group 'Popular'
22:51:33: Added resource location 'C:/OgreSDK_vc9_v1-7-1/media/packs/ogredance.zip' of type 'Zip' to resource group 'Popular'
22:51:33: Added resource location 'C:/OgreSDK_vc9_v1-7-1/media/packs/Sinbad.zip' of type 'Zip' to resource group 'Popular'
22:51:33: Added resource location 'C:/OgreSDK_vc9_v1-7-1/media/packs/skybox.zip' of type 'Zip' to resource group 'Popular'
22:51:33: D3D9 : RenderSystem Option: Allow NVPerfHUD = No
22:51:33: D3D9 : RenderSystem Option: FSAA = 0
22:51:33: D3D9 : RenderSystem Option: Floating-point mode = Fastest
22:51:33: D3D9 : RenderSystem Option: Full Screen = Yes
22:51:33: D3D9 : RenderSystem Option: Rendering Device = Monitor-1-Mobile Intel(R) 945GM Express Chipset Family
22:51:33: D3D9 : RenderSystem Option: Resource Creation Policy = Create on all devices
22:51:33: D3D9 : RenderSystem Option: VSync = No
22:51:33: D3D9 : RenderSystem Option: VSync Interval = 1
22:51:33: D3D9 : RenderSystem Option: Video Mode = 800 x 600 @ 32-bit colour
22:51:33: D3D9 : RenderSystem Option: sRGB Gamma Conversion = No
22:51:35: CPU Identifier & Features
22:51:35: -------------------------
22:51:35:  *   CPU ID: GenuineIntel: Genuine Intel(R) CPU           T2050  @ 1.60GHz
22:51:35:  *      SSE: yes
22:51:35:  *     SSE2: yes
22:51:35:  *     SSE3: yes
22:51:35:  *      MMX: yes
22:51:35:  *   MMXEXT: yes
22:51:35:  *    3DNOW: no
22:51:35:  * 3DNOWEXT: no
22:51:35:  *     CMOV: yes
22:51:35:  *      TSC: yes
22:51:35:  *      FPU: yes
22:51:35:  *      PRO: yes
22:51:35:  *       HT: no
22:51:35: -------------------------
22:51:35: D3D9 : Subsystem Initialising
22:51:35: Registering ResourceManager for type Texture
22:51:35: Registering ResourceManager for type GpuProgram
22:51:35: D3D9RenderSystem::_createRenderWindow "Tarek's Game Engine", 800x600 fullscreen  miscParams: FSAA=0 FSAAHint= colourDepth=32 gamma=false monitorIndex=0 useNVPerfHUD=false vsync=false vsyncInterval=1 
22:51:35: D3D9 : Created D3D9 Rendering Window 'Tarek's Game Engine' : 800x600, 32bpp
22:51:36: RenderSystem capabilities
22:51:36: -------------------------
22:51:36: RenderSystem Name: Direct3D9 Rendering Subsystem
22:51:36: GPU Vendor: intel
22:51:36: Device Name: Monitor-1-Mobile Intel(R) 945GM Express Chipset Family
22:51:36: Driver Version: 6.14.10.4543
22:51:36:  * Fixed function pipeline: yes
22:51:36:  * Hardware generation of mipmaps: no
22:51:36:  * Texture blending: yes
22:51:36:  * Anisotropic texture filtering: yes
22:51:36:  * Dot product texture operation: yes
22:51:36:  * Cube mapping: yes
22:51:36:  * Hardware stencil buffer: yes
22:51:36:    - Stencil depth: 8
22:51:36:    - Two sided stencil support: yes
22:51:36:    - Wrap stencil values: yes
22:51:36:  * Hardware vertex / index buffers: yes
22:51:36:  * Vertex programs: no
22:51:36:  * Number of floating-point constants for vertex programs: 15
22:51:36:  * Number of integer constants for vertex programs: 0
22:51:36:  * Number of boolean constants for vertex programs: 0
22:51:36:  * Fragment programs: yes
22:51:36:  * Number of floating-point constants for fragment programs: 32
22:51:36:  * Number of integer constants for fragment programs: 16
22:51:36:  * Number of boolean constants for fragment programs: 16
22:51:36:  * Geometry programs: no
22:51:36:  * Number of floating-point constants for geometry programs: 0
22:51:36:  * Number of integer constants for geometry programs: 52992
22:51:36:  * Number of boolean constants for geometry programs: 416
22:51:36:  * Supported Shader Profiles: hlsl ps_1_1 ps_1_2 ps_1_3 ps_1_4 ps_2_0
22:51:36:  * Texture Compression: yes
22:51:36:    - DXT: yes
22:51:36:    - VTC: no
22:51:36:    - PVRTC: no
22:51:36:  * Scissor Rectangle: yes
22:51:36:  * Hardware Occlusion Query: no
22:51:36:  * User clip planes: no
22:51:36:  * VET_UBYTE4 vertex element type: no
22:51:36:  * Infinite far plane projection: no
22:51:36:  * Hardware render-to-texture: yes
22:51:36:  * Floating point textures: no
22:51:36:  * Non-power-of-two textures: yes (limited)
22:51:36:  * Volume textures: yes
22:51:36:  * Multiple Render Targets: 1
22:51:36:    - With different bit depths: no
22:51:36:  * Point Sprites: yes
22:51:36:  * Extended point parameters: yes
22:51:36:  * Max Point Size: 10
22:51:36:  * Vertex texture fetch: no
22:51:36:  * Number of world matrices: 0
22:51:36:  * Number of texture units: 8
22:51:36:  * Stencil buffer depth: 8
22:51:36:  * Number of vertex blend matrices: 0
22:51:36:  * Render to Vertex Buffer : no
22:51:36:  * DirectX per stage constants: yes
22:51:36: ***************************************
22:51:36: *** D3D9 : Subsystem Initialised OK ***
22:51:36: ***************************************
22:51:36: DefaultWorkQueue('Root') initialising on thread 0015D3B8.
22:51:36: Particle Renderer Type 'billboard' registered
22:51:36: SceneManagerFactory for type 'BspSceneManager' registered.
22:51:36: Registering ResourceManager for type BspLevel
22:51:36: SceneManagerFactory for type 'PCZSceneManager' registered.
22:51:36: MovableObjectFactory for type 'PCZLight' registered.
22:51:36: MovableObjectFactory for type 'Portal' registered.
22:51:36: MovableObjectFactory for type 'AntiPortal' registered.
22:51:36: DefaultWorkQueue('Root')::WorkerFunc - thread 0A4F43A8 starting.
22:51:36: PCZone Factory Type 'ZoneType_Octree' registered
22:51:36: PCZone Factory Type 'ZoneType_Terrain' registered
22:51:36: SceneManagerFactory for type 'OctreeSceneManager' registered.
22:51:36: SceneManagerFactory for type 'TerrainSceneManager' registered.
22:51:36: DefaultWorkQueue('Root')::WorkerFunc - thread 0A4F46A8 starting.
22:51:36: Parsing scripts for resource group Autodetect
22:51:36: Finished parsing scripts for resource group Autodetect
22:51:36: Parsing scripts for resource group Essential
22:51:36: Parsing script SdkTrays.material
22:51:36: Parsing script SdkTrays.fontdef
22:51:36: Parsing script SdkTrays.overlay
22:51:36: Bad element attribute line: '# you can offset the image to change the cursor "hotspot"' for element SdkTrays/Cursor in overlay 
22:51:36: Texture: sdk_cursor.png: Loading 1 faces(PF_A8R8G8B8,32x32x1) with 5 generated mipmaps from Image. Internal format is PF_A8R8G8B8,32x32x1.
22:51:36: Texture: sdk_tray.png: Loading 1 faces(PF_A8R8G8B8,64x64x1) with 5 generated mipmaps from Image. Internal format is PF_A8R8G8B8,64x64x1.
22:51:36: Texture: sdk_button_up.png: Loading 1 faces(PF_A8R8G8B8,128x32x1) with 5 generated mipmaps from Image. Internal format is PF_A8R8G8B8,128x32x1.
22:51:36: Texture: sdk_text_box.png: Loading 1 faces(PF_A8R8G8B8,32x32x1) with 5 generated mipmaps from Image. Internal format is PF_A8R8G8B8,32x32x1.
22:51:36: Texture: sdk_mini_tray.png: Loading 1 faces(PF_A8R8G8B8,32x32x1) with 5 generated mipmaps from Image. Internal format is PF_A8R8G8B8,32x32x1.
22:51:36: Texture: sdk_track.png: Loading 1 faces(PF_A8R8G8B8,16x32x1) with 5 generated mipmaps from Image. Internal format is PF_A8R8G8B8,16x32x1.
22:51:36: Texture: sdk_handle.png: Loading 1 faces(PF_A8R8G8B8,16x16x1) with 4 generated mipmaps from Image. Internal format is PF_A8R8G8B8,16x16x1.
22:51:36: Texture: sdk_mini_text_box.png: Loading 1 faces(PF_A8R8G8B8,32x32x1) with 5 generated mipmaps from Image. Internal format is PF_A8R8G8B8,32x32x1.
22:51:36: Texture: sdk_label.png: Loading 1 faces(PF_A8R8G8B8,32x32x1) with 5 generated mipmaps from Image. Internal format is PF_A8R8G8B8,32x32x1.
22:51:36: Texture: sdk_separator.png: Loading 1 faces(PF_A8R8G8B8,64x16x1) with 5 generated mipmaps from Image. Internal format is PF_A8R8G8B8,64x16x1.
22:51:36: Texture: sdk_logo.png: Loading 1 faces(PF_A8R8G8B8,128x64x1) with 5 generated mipmaps from Image. Internal format is PF_A8R8G8B8,128x64x1.
22:51:36: D3D9 : ***** Dimensions altered by the render system
22:51:36: D3D9 : ***** Source image dimensions : 64x48
22:51:36: D3D9 : ***** Texture dimensions : 64x64
22:51:36: Texture: sdk_shade.png: Loading 1 faces(PF_A8R8G8B8,64x48x1) with 5 generated mipmaps from Image. Internal format is PF_A8R8G8B8,64x64x1.
22:51:36: Texture: sdk_frame.png: Loading 1 faces(PF_A8R8G8B8,32x32x1) with 5 generated mipmaps from Image. Internal format is PF_A8R8G8B8,32x32x1.
22:51:36: Texture: sdk_mini_text_box_over.png: Loading 1 faces(PF_A8R8G8B8,32x32x1) with 5 generated mipmaps from Image. Internal format is PF_A8R8G8B8,32x32x1.
22:51:36: Texture: sdk_pulse.png: Loading 1 faces(PF_R8G8B8,8x1x1) with 3 generated mipmaps from Image. Internal format is PF_X8R8G8B8,8x1x1.
22:51:36: Finished parsing scripts for resource group Essential
22:51:36: Parsing scripts for resource group General
22:51:36: Finished parsing scripts for resource group General
22:51:36: Parsing scripts for resource group Internal
22:51:36: Finished parsing scripts for resource group Internal
22:51:36: Parsing scripts for resource group Popular
22:51:36: Parsing script Examples.program
22:51:36: Parsing script StdQuad_vp.program
22:51:36: Parsing script deferred_post.program
22:51:36: Parsing script ShadowCaster.program
22:51:36: Parsing script ASCII.material
22:51:36: Parsing script ASMSwizzle.material
22:51:36: Compiler error: object unsupported by render system in ASMSwizzle.material(1)
22:51:36: Parsing script BlackAndWhite.material
22:51:36: Parsing script Bloom.material
22:51:36: Parsing script Bloom2.material
22:51:36: Parsing script CGSwizzle.material
22:51:36: Parsing script CompositorDemo.material
22:51:36: Parsing script DepthShadowmap.material
22:51:36: Parsing script Dither.material
22:51:36: Parsing script DOF.material
22:51:36: Parsing script Embossed.material
22:51:36: Parsing script Example-Water.material
22:51:36: Parsing script Examples-Advanced.material
22:51:37: Parsing script Examples-DynTex.material
22:51:37: Parsing script Examples-Water.material
22:51:37: Parsing script Examples.material
22:51:37: Parsing script facial.material
22:51:37: Parsing script Glass.material
22:51:37: Parsing script GLSLSwizzle.material
22:51:37: Parsing script Halftone.material
22:51:37: Parsing script hdr.material
22:51:37: Parsing script HeatVision.material
22:51:37: Parsing script Hurt.material
22:51:37: Parsing script instancing.material
22:51:37: Parsing script Invert.material
22:51:37: Parsing script IsoSurf.material
22:51:37: Parsing script Laplace.material
22:51:37: Parsing script MotionBlur.material
22:51:37: Parsing script MRTtest.material
22:51:37: Parsing script NightVision.material
22:51:37: Parsing script Ocean.material
22:51:37: Parsing script OffsetMapping.material
22:51:37: Parsing script Ogre.material
22:51:37: Parsing script OldMovie.material
22:51:37: Parsing script OldTV.material
22:51:37: Parsing script ParticleGS.material
22:51:37: OGRE EXCEPTION(7:InternalErrorException): Unable to compile Cg program Ogre/ParticleGS/DisplayPS: CG ERROR : "The compile returned an error."
(323) : fatal error C9999: unexpected cast operation
 in CgProgram::loadFromSource at ..\..\..\..\..\PlugIns\CgProgramManager\src\OgreCgProgramManagerDll.cpp (line 67)
22:51:37: High-level program Ogre/ParticleGS/DisplayPS encountered an error during loading and is thus not supported.
OGRE EXCEPTION(7:InternalErrorException): Unable to compile Cg program Ogre/ParticleGS/DisplayPS: CG ERROR : "The compile returned an error."
(323) : fatal error C9999: unexpected cast operation
 in CgProgram::loadFromSource at ..\..\..\..\..\PlugIns\CgProgramManager\src\OgreCgProgramManagerDll.cpp (line 67)
22:51:37: Parsing script Penguin.material
22:51:37: Parsing script Posterize.material
22:51:37: Parsing script pssm.material
22:51:37: Parsing script RadialBlur.material
22:51:37: Parsing script RZR-002.material
22:51:37: Parsing script ShaderSystem.material
22:51:37: Parsing script shadows.material
22:51:37: Parsing script SharpenEdges.material
22:51:37: Parsing script sibenik.material
22:51:37: Parsing script smoke.material
22:51:37: Parsing script Tiling.material
22:51:37: Parsing script VarianceShadowmap.material
22:51:37: Parsing script deferreddemo.material
22:51:37: Parsing script deferred_post.material
22:51:37: Parsing script deferred_post_minilight.material
22:51:37: Parsing script ShadowCaster.material
22:51:37: Parsing script ssao.material
22:51:37: Parsing script ROOM.material
22:51:37: Parsing script RTShaderSystem.material
22:51:37: Compiler error: unknown error in RTShaderSystem.material(23): token "rtshader_system" is not recognized
22:51:37: Compiler error: unknown error in RTShaderSystem.material(52): token "rtshader_system" is not recognized
22:51:37: Compiler error: unknown error in RTShaderSystem.material(81): token "rtshader_system" is not recognized
22:51:37: Compiler error: unknown error in RTShaderSystem.material(110): token "rtshader_system" is not recognized
22:51:37: Compiler error: unknown error in RTShaderSystem.material(146): token "rtshader_system" is not recognized
22:51:37: Compiler error: unknown error in RTShaderSystem.material(81): token "rtshader_system" is not recognized
22:51:37: Compiler error: unknown error in RTShaderSystem.material(162): token "rtshader_system" is not recognized
22:51:37: Compiler error: unknown error in RTShaderSystem.material(81): token "rtshader_system" is not recognized
22:51:37: Compiler error: unknown error in RTShaderSystem.material(110): token "rtshader_system" is not recognized
22:51:37: Parsing script RomanBath.material
22:51:37: Parsing script Sinbad.material
22:51:37: Parsing script emitted_emitter.particle
22:51:37: Parsing script Examples-Water.particle
22:51:37: Parsing script Examples.particle
22:51:37: Parsing script smoke.particle
22:51:37: Parsing script Examples.compositor
22:51:37: Parsing script deferred.compositor
22:51:37: Parsing script ssao.compositor
22:51:37: Parsing script sample.fontdef
22:51:37: Finished parsing scripts for resource group Popular
22:51:37: Texture: rockwall.tga: Loading 1 faces(PF_R8G8B8,256x256x1) with 5 generated mipmaps from Image. Internal format is PF_X8R8G8B8,256x256x1.
22:51:37: Mesh: Loading cube.mesh.
22:51:37: *** Initializing OIS ***
22:51:37: Texture: spot_shadow_fade.png: Loading 1 faces(PF_R8G8B8,128x128x1) with 5 generated mipmaps from Image. Internal format is PF_X8R8G8B8,128x128x1.
22:51:37: Font SdkTrays/Captionusing texture size 512x256
22:51:37: Info: Freetype returned null for character 160 in font SdkTrays/Caption
22:51:37: Texture: SdkTrays/CaptionTexture: Loading 1 faces(PF_BYTE_LA,512x256x1) with 0 generated mipmaps from Image. Internal format is PF_BYTE_LA,512x256x1.
22:51:37: Font SdkTrays/Valueusing texture size 512x512
22:51:37: Info: Freetype returned null for character 127 in font SdkTrays/Value
22:51:37: Info: Freetype returned null for character 128 in font SdkTrays/Value
22:51:37: Info: Freetype returned null for character 129 in font SdkTrays/Value
22:51:37: Info: Freetype returned null for character 130 in font SdkTrays/Value
22:51:37: Info: Freetype returned null for character 131 in font SdkTrays/Value
22:51:37: Info: Freetype returned null for character 132 in font SdkTrays/Value
22:51:37: Info: Freetype returned null for character 133 in font SdkTrays/Value
22:51:37: Info: Freetype returned null for character 134 in font SdkTrays/Value
22:51:37: Info: Freetype returned null for character 135 in font SdkTrays/Value
22:51:37: Info: Freetype returned null for character 136 in font SdkTrays/Value
22:51:37: Info: Freetype returned null for character 137 in font SdkTrays/Value
22:51:37: Info: Freetype returned null for character 138 in font SdkTrays/Value
22:51:37: Info: Freetype returned null for character 139 in font SdkTrays/Value
22:51:37: Info: Freetype returned null for character 140 in font SdkTrays/Value
22:51:37: Info: Freetype returned null for character 141 in font SdkTrays/Value
22:51:37: Info: Freetype returned null for character 142 in font SdkTrays/Value
22:51:37: Info: Freetype returned null for character 143 in font SdkTrays/Value
22:51:37: Info: Freetype returned null for character 144 in font SdkTrays/Value
22:51:37: Info: Freetype returned null for character 145 in font SdkTrays/Value
22:51:37: Info: Freetype returned null for character 146 in font SdkTrays/Value
22:51:37: Info: Freetype returned null for character 147 in font SdkTrays/Value
22:51:37: Info: Freetype returned null for character 148 in font SdkTrays/Value
22:51:37: Info: Freetype returned null for character 149 in font SdkTrays/Value
22:51:37: Info: Freetype returned null for character 150 in font SdkTrays/Value
22:51:37: Info: Freetype returned null for character 151 in font SdkTrays/Value
22:51:37: Info: Freetype returned null for character 152 in font SdkTrays/Value
22:51:37: Info: Freetype returned null for character 153 in font SdkTrays/Value
22:51:37: Info: Freetype returned null for character 154 in font SdkTrays/Value
22:51:37: Info: Freetype returned null for character 155 in font SdkTrays/Value
22:51:37: Info: Freetype returned null for character 156 in font SdkTrays/Value
22:51:37: Info: Freetype returned null for character 157 in font SdkTrays/Value
22:51:37: Info: Freetype returned null for character 158 in font SdkTrays/Value
22:51:37: Info: Freetype returned null for character 159 in font SdkTrays/Value
22:51:37: Info: Freetype returned null for character 160 in font SdkTrays/Value
22:51:37: Texture: SdkTrays/ValueTexture: Loading 1 faces(PF_BYTE_LA,512x512x1) with 0 generated mipmaps from Image. Internal format is PF_BYTE_LA,512x512x1.
22:52:47: DefaultWorkQueue('Root') shutting down on thread 0015D3B8.
22:52:47: DefaultWorkQueue('Root')::WorkerFunc - thread 0A4F43A8 stopped.
22:52:47: DefaultWorkQueue('Root')::WorkerFunc - thread 0A4F46A8 stopped.
22:52:47: PCZone Factory Type 'ZoneType_Octree' unregistered
22:52:47: PCZone Factory Type 'ZoneType_Terrain' unregistered
22:52:47: Unregistering ResourceManager for type BspLevel
22:52:47: *-*-* OGRE Shutdown
22:52:47: Unregistering ResourceManager for type Compositor
22:52:47: Unregistering ResourceManager for type Font
22:52:47: Unregistering ResourceManager for type Skeleton
22:52:47: Unregistering ResourceManager for type Mesh
22:52:47: Unregistering ResourceManager for type HighLevelGpuProgram
22:52:47: Uninstalling plugin: Octree & Terrain Scene Manager
22:52:47: Plugin successfully uninstalled
22:52:47: Unloading library .\Plugin_OctreeSceneManager
22:52:47: Uninstalling plugin: Octree Zone Factory
22:52:47: Plugin successfully uninstalled
22:52:47: Unloading library .\Plugin_OctreeZone
22:52:47: Uninstalling plugin: Portal Connected Zone Scene Manager
22:52:47: Plugin successfully uninstalled
22:52:47: Unloading library .\Plugin_PCZSceneManager
22:52:47: Uninstalling plugin: Cg Program Manager
22:52:47: Plugin successfully uninstalled
22:52:47: Unloading library .\Plugin_CgProgramManager
22:52:47: Uninstalling plugin: BSP Scene Manager
22:52:47: Plugin successfully uninstalled
22:52:47: Unloading library .\Plugin_BSPSceneManager
22:52:47: Uninstalling plugin: ParticleFX
22:52:47: Plugin successfully uninstalled
22:52:47: Unloading library .\Plugin_ParticleFX
22:52:47: Uninstalling plugin: GL RenderSystem
22:52:47: *** Stopping Win32GL Subsystem ***
22:52:47: Plugin successfully uninstalled
22:52:47: Unloading library .\RenderSystem_GL
22:52:47: Uninstalling plugin: D3D9 RenderSystem
22:52:47: D3D9 : Shutting down cleanly.
22:52:47: Unregistering ResourceManager for type Texture
22:52:47: Unregistering ResourceManager for type GpuProgram
22:52:47: D3D9 : Direct3D9 Rendering Subsystem destroyed.
22:52:47: Plugin successfully uninstalled
22:52:47: Unloading library .\RenderSystem_Direct3D9
22:52:47: Unregistering ResourceManager for type Material
